[1.318s] Invoking command in '/home/yamaki/ros2_ws/src/mypkg': PYTHONPATH=/home/yamaki/ros2_ws/src/install/mypkg/lib/python3.10/site-packages:${PYTHONPATH} /usr/bin/python3 setup.py egg_info --egg-base ../build/mypkg build --build-base /home/yamaki/ros2_ws/src/build/mypkg/build install --prefix /home/yamaki/ros2_ws/src/install/mypkg --record /home/yamaki/ros2_ws/src/build/mypkg/install.log --single-version-externally-managed
[1.700s] running egg_info
[1.702s] writing ../build/mypkg/mypkg.egg-info/PKG-INFO
[1.705s] writing dependency_links to ../build/mypkg/mypkg.egg-info/dependency_links.txt
[1.706s] writing entry points to ../build/mypkg/mypkg.egg-info/entry_points.txt
[1.706s] writing requirements to ../build/mypkg/mypkg.egg-info/requires.txt
[1.707s] writing top-level names to ../build/mypkg/mypkg.egg-info/top_level.txt
[1.712s] reading manifest file '../build/mypkg/mypkg.egg-info/SOURCES.txt'
[1.714s] writing manifest file '../build/mypkg/mypkg.egg-info/SOURCES.txt'
[1.715s] running build
[1.715s] running build_py
[1.716s] copying mypkg/talker.py -> /home/yamaki/ros2_ws/src/build/mypkg/build/lib/mypkg
[1.718s] copying mypkg/listener.py -> /home/yamaki/ros2_ws/src/build/mypkg/build/lib/mypkg
[1.720s] running install
[1.722s] /usr/lib/python3/dist-packages/setuptools/command/install.py:34: SetuptoolsDeprecationWarning: setup.py install is deprecated. Use build and pip and other standards-based tools.
[1.722s]   warnings.warn(
[1.722s] running install_lib
[1.725s] copying /home/yamaki/ros2_ws/src/build/mypkg/build/lib/mypkg/talker.py -> /home/yamaki/ros2_ws/src/install/mypkg/lib/python3.10/site-packages/mypkg
[1.727s] copying /home/yamaki/ros2_ws/src/build/mypkg/build/lib/mypkg/listener.py -> /home/yamaki/ros2_ws/src/install/mypkg/lib/python3.10/site-packages/mypkg
[1.728s] byte-compiling /home/yamaki/ros2_ws/src/install/mypkg/lib/python3.10/site-packages/mypkg/talker.py to talker.cpython-310.pyc
[1.730s] byte-compiling /home/yamaki/ros2_ws/src/install/mypkg/lib/python3.10/site-packages/mypkg/listener.py to listener.cpython-310.pyc
[1.731s] running install_data
[1.732s] copying package.xml -> /home/yamaki/ros2_ws/src/install/mypkg/share/mypkg
[1.734s] copying launch/talk_listen.launch.py -> /home/yamaki/ros2_ws/src/install/mypkg/share/mypkg
[1.735s] running install_egg_info
[1.738s] removing '/home/yamaki/ros2_ws/src/install/mypkg/lib/python3.10/site-packages/mypkg-0.0.0-py3.10.egg-info' (and everything under it)
[1.741s] Copying ../build/mypkg/mypkg.egg-info to /home/yamaki/ros2_ws/src/install/mypkg/lib/python3.10/site-packages/mypkg-0.0.0-py3.10.egg-info
[1.747s] running install_scripts
[1.781s] Installing listener script to /home/yamaki/ros2_ws/src/install/mypkg/lib/mypkg
[1.783s] Installing talker script to /home/yamaki/ros2_ws/src/install/mypkg/lib/mypkg
[1.784s] writing list of installed files to '/home/yamaki/ros2_ws/src/build/mypkg/install.log'
[1.846s] Invoked command in '/home/yamaki/ros2_ws/src/mypkg' returned '0': PYTHONPATH=/home/yamaki/ros2_ws/src/install/mypkg/lib/python3.10/site-packages:${PYTHONPATH} /usr/bin/python3 setup.py egg_info --egg-base ../build/mypkg build --build-base /home/yamaki/ros2_ws/src/build/mypkg/build install --prefix /home/yamaki/ros2_ws/src/install/mypkg --record /home/yamaki/ros2_ws/src/build/mypkg/install.log --single-version-externally-managed
