[0.536s] Invoking command in '/home/yamaki/ros2_ws/src/build/person_msgs': CMAKE_PREFIX_PATH=/opt/ros/humble /usr/bin/cmake /home/yamaki/ros2_ws/src/person_msgs -DCMAKE_INSTALL_PREFIX=/home/yamaki/ros2_ws/src/install/person_msgs
[1.302s] -- The C compiler identification is GNU 11.3.0
[2.835s] -- The CXX compiler identification is GNU 11.3.0
[3.408s] -- Detecting C compiler ABI info
[3.678s] -- Detecting C compiler ABI info - done
[3.690s] -- Check for working C compiler: /usr/bin/cc - skipped
[3.693s] -- Detecting C compile features
[3.694s] -- Detecting C compile features - done
[3.700s] -- Detecting CXX compiler ABI info
[3.904s] -- Detecting CXX compiler ABI info - done
[3.913s] -- Check for working CXX compiler: /usr/bin/c++ - skipped
[3.913s] -- Detecting CXX compile features
[3.914s] -- Detecting CXX compile features - done
[3.946s] -- Found ament_cmake: 1.3.2 (/opt/ros/humble/share/ament_cmake/cmake)
[4.163s] -- Found Python3: /usr/bin/python3.10 (found version "3.10.6") found components: Interpreter 
[4.313s] -- Found rosidl_default_generators: 1.2.0 (/opt/ros/humble/share/rosidl_default_generators/cmake)
[4.326s] -- Using all available rosidl_typesupport_c: rosidl_typesupport_fastrtps_c;rosidl_typesupport_introspection_c
[4.347s] -- Found rosidl_adapter: 3.1.3 (/opt/ros/humble/share/rosidl_adapter/cmake)
[4.634s] -- Using all available rosidl_typesupport_cpp: rosidl_typesupport_fastrtps_cpp;rosidl_typesupport_introspection_cpp
[5.017s] -- Found ament_cmake_ros: 0.10.0 (/opt/ros/humble/share/ament_cmake_ros/cmake)
[5.250s] -- Using all available rosidl_typesupport_c: rosidl_typesupport_fastrtps_c;rosidl_typesupport_introspection_c
[5.553s] -- Using all available rosidl_typesupport_cpp: rosidl_typesupport_fastrtps_cpp;rosidl_typesupport_introspection_cpp
[5.727s] -- Found PythonInterp: /usr/bin/python3 (found suitable version "3.10.6", minimum required is "3.6") 
[5.729s] -- Found python_cmake_module: 0.10.0 (/opt/ros/humble/share/python_cmake_module/cmake)
[6.577s] -- Found PythonLibs: /usr/lib/x86_64-linux-gnu/libpython3.10.so (found suitable version "3.10.6", minimum required is "3.5") 
[6.577s] -- Using PYTHON_EXECUTABLE: /usr/bin/python3
[6.577s] -- Using PYTHON_INCLUDE_DIRS: /usr/include/python3.10
[6.577s] -- Using PYTHON_LIBRARIES: /usr/lib/x86_64-linux-gnu/libpython3.10.so
[6.601s] -- Found PythonExtra: .so  
[6.693s] -- Found ament_lint_auto: 0.12.4 (/opt/ros/humble/share/ament_lint_auto/cmake)
[6.740s] -- Added test 'lint_cmake' to check CMake code style
[6.742s] -- Added test 'xmllint' to check XML markup files
[6.746s] -- Configuring done
[6.821s] -- Generating done
[6.828s] -- Build files have been written to: /home/yamaki/ros2_ws/src/build/person_msgs
[6.841s] Invoked command in '/home/yamaki/ros2_ws/src/build/person_msgs' returned '0': CMAKE_PREFIX_PATH=/opt/ros/humble /usr/bin/cmake /home/yamaki/ros2_ws/src/person_msgs -DCMAKE_INSTALL_PREFIX=/home/yamaki/ros2_ws/src/install/person_msgs
[6.845s] Invoking command in '/home/yamaki/ros2_ws/src/build/person_msgs': CMAKE_PREFIX_PATH=/opt/ros/humble /usr/bin/cmake --build /home/yamaki/ros2_ws/src/build/person_msgs -- -j4 -l4
[6.887s] [  3%] [34m[1mGenerating C code for ROS interfaces[0m
[6.909s] [  6%] [34m[1mGenerating C++ code for ROS interfaces[0m
[6.923s] [  6%] Built target ament_cmake_python_copy_person_msgs
[7.472s] [  6%] Built target person_msgs__cpp
[7.491s] [  9%] [34m[1mGenerating C++ introspection for ROS interfaces[0m
[7.494s] [ 12%] [34m[1mGenerating C++ type support for eProsima Fast-RTPS[0m
[7.518s] [ 16%] [32mBuilding C object CMakeFiles/person_msgs__rosidl_generator_c.dir/rosidl_generator_c/person_msgs/msg/detail/person__functions.c.o[0m
[7.528s] running egg_info
[7.530s] creating person_msgs.egg-info
[7.530s] writing person_msgs.egg-info/PKG-INFO
[7.533s] writing dependency_links to person_msgs.egg-info/dependency_links.txt
[7.534s] writing top-level names to person_msgs.egg-info/top_level.txt
[7.535s] writing manifest file 'person_msgs.egg-info/SOURCES.txt'
[7.540s] reading manifest file 'person_msgs.egg-info/SOURCES.txt'
[7.540s] writing manifest file 'person_msgs.egg-info/SOURCES.txt'
[7.608s] [ 16%] Built target ament_cmake_python_build_person_msgs_egg
[7.627s] [ 19%] [34m[1mGenerating C++ type support dispatch for ROS interfaces[0m
[7.685s] [ 22%] [32m[1mLinking C shared library libperson_msgs__rosidl_generator_c.so[0m
[7.905s] [ 22%] Built target person_msgs__rosidl_generator_c
[7.920s] [ 25%] [34m[1mGenerating C type support for eProsima Fast-RTPS[0m
[8.058s] [ 29%] [32mBuilding CXX object CMakeFiles/person_msgs__rosidl_typesupport_introspection_cpp.dir/rosidl_typesupport_introspection_cpp/person_msgs/msg/detail/person__type_support.cpp.o[0m
[8.070s] [ 32%] [32mBuilding CXX object CMakeFiles/person_msgs__rosidl_typesupport_fastrtps_cpp.dir/rosidl_typesupport_fastrtps_cpp/person_msgs/msg/detail/dds_fastrtps/person__type_support.cpp.o[0m
[8.160s] [ 35%] [32mBuilding CXX object CMakeFiles/person_msgs__rosidl_typesupport_cpp.dir/rosidl_typesupport_cpp/person_msgs/msg/person__type_support.cpp.o[0m
[8.450s] [ 38%] [32mBuilding CXX object CMakeFiles/person_msgs__rosidl_typesupport_fastrtps_c.dir/rosidl_typesupport_fastrtps_c/person_msgs/msg/detail/person__type_support_c.cpp.o[0m
[9.116s] [ 41%] [32m[1mLinking CXX shared library libperson_msgs__rosidl_typesupport_cpp.so[0m
[9.327s] [ 41%] Built target person_msgs__rosidl_typesupport_cpp
[9.346s] [ 45%] [34m[1mGenerating C introspection for ROS interfaces[0m
[9.486s] [ 48%] [32m[1mLinking CXX shared library libperson_msgs__rosidl_typesupport_introspection_cpp.so[0m
[9.521s] [ 51%] [32m[1mLinking CXX shared library libperson_msgs__rosidl_typesupport_fastrtps_cpp.so[0m
[9.578s] [ 54%] [32m[1mLinking CXX shared library libperson_msgs__rosidl_typesupport_fastrtps_c.so[0m
[9.847s] [ 54%] Built target person_msgs__rosidl_typesupport_introspection_cpp
[9.876s] [ 54%] Built target person_msgs__rosidl_typesupport_fastrtps_cpp
[9.884s] [ 58%] [34m[1mGenerating C type support dispatch for ROS interfaces[0m
[9.968s] [ 58%] Built target person_msgs__rosidl_typesupport_fastrtps_c
[10.058s] [ 61%] [32mBuilding C object CMakeFiles/person_msgs__rosidl_typesupport_introspection_c.dir/rosidl_typesupport_introspection_c/person_msgs/msg/detail/person__type_support.c.o[0m
[10.109s] [ 64%] [32m[1mLinking C shared library libperson_msgs__rosidl_typesupport_introspection_c.so[0m
[10.226s] [ 64%] Built target person_msgs__rosidl_typesupport_introspection_c
[10.309s] [ 67%] [32mBuilding CXX object CMakeFiles/person_msgs__rosidl_typesupport_c.dir/rosidl_typesupport_c/person_msgs/msg/person__type_support.cpp.o[0m
[10.341s] [ 70%] [32m[1mLinking CXX shared library libperson_msgs__rosidl_typesupport_c.so[0m
[10.470s] [ 70%] Built target person_msgs__rosidl_typesupport_c
[10.490s] [ 70%] Built target person_msgs
[10.509s] [ 74%] [34m[1mGenerating Python code for ROS interfaces[0m
[11.137s] [ 74%] Built target person_msgs__py
[11.157s] [ 77%] [32mBuilding C object CMakeFiles/person_msgs__rosidl_generator_py.dir/rosidl_generator_py/person_msgs/msg/_person_s.c.o[0m
[11.357s] [ 80%] [32m[1mLinking C shared library rosidl_generator_py/person_msgs/libperson_msgs__rosidl_generator_py.so[0m
[11.485s] [ 80%] Built target person_msgs__rosidl_generator_py
[11.510s] [ 83%] [32mBuilding C object CMakeFiles/person_msgs__rosidl_typesupport_fastrtps_c__pyext.dir/rosidl_generator_py/person_msgs/_person_msgs_s.ep.rosidl_typesupport_fastrtps_c.c.o[0m
[11.516s] [ 87%] [32mBuilding C object CMakeFiles/person_msgs__rosidl_typesupport_introspection_c__pyext.dir/rosidl_generator_py/person_msgs/_person_msgs_s.ep.rosidl_typesupport_introspection_c.c.o[0m
[11.518s] [ 90%] [32mBuilding C object CMakeFiles/person_msgs__rosidl_typesupport_c__pyext.dir/rosidl_generator_py/person_msgs/_person_msgs_s.ep.rosidl_typesupport_c.c.o[0m
[11.654s] [ 93%] [32m[1mLinking C shared library rosidl_generator_py/person_msgs/person_msgs_s__rosidl_typesupport_fastrtps_c.cpython-310-x86_64-linux-gnu.so[0m
[11.657s] [ 96%] [32m[1mLinking C shared library rosidl_generator_py/person_msgs/person_msgs_s__rosidl_typesupport_introspection_c.cpython-310-x86_64-linux-gnu.so[0m
[11.672s] [100%] [32m[1mLinking C shared library rosidl_generator_py/person_msgs/person_msgs_s__rosidl_typesupport_c.cpython-310-x86_64-linux-gnu.so[0m
[11.788s] [100%] Built target person_msgs__rosidl_typesupport_fastrtps_c__pyext
[11.789s] [100%] Built target person_msgs__rosidl_typesupport_introspection_c__pyext
[11.817s] [100%] Built target person_msgs__rosidl_typesupport_c__pyext
[11.829s] Invoked command in '/home/yamaki/ros2_ws/src/build/person_msgs' returned '0': CMAKE_PREFIX_PATH=/opt/ros/humble /usr/bin/cmake --build /home/yamaki/ros2_ws/src/build/person_msgs -- -j4 -l4
[11.912s] Invoking command in '/home/yamaki/ros2_ws/src/build/person_msgs': CMAKE_PREFIX_PATH=/opt/ros/humble /usr/bin/cmake --install /home/yamaki/ros2_ws/src/build/person_msgs
[11.923s] -- Install configuration: ""
[11.924s] -- Installing: /home/yamaki/ros2_ws/src/install/person_msgs/share/ament_index/resource_index/rosidl_interfaces/person_msgs
[11.925s] -- Installing: /home/yamaki/ros2_ws/src/install/person_msgs/include/person_msgs/person_msgs
[11.925s] -- Installing: /home/yamaki/ros2_ws/src/install/person_msgs/include/person_msgs/person_msgs/msg
[11.926s] -- Installing: /home/yamaki/ros2_ws/src/install/person_msgs/include/person_msgs/person_msgs/msg/person.h
[11.926s] -- Installing: /home/yamaki/ros2_ws/src/install/person_msgs/include/person_msgs/person_msgs/msg/rosidl_generator_c__visibility_control.h
[11.926s] -- Installing: /home/yamaki/ros2_ws/src/install/person_msgs/include/person_msgs/person_msgs/msg/detail
[11.926s] -- Installing: /home/yamaki/ros2_ws/src/install/person_msgs/include/person_msgs/person_msgs/msg/detail/person__functions.c
[11.927s] -- Installing: /home/yamaki/ros2_ws/src/install/person_msgs/include/person_msgs/person_msgs/msg/detail/person__type_support.h
[11.927s] -- Installing: /home/yamaki/ros2_ws/src/install/person_msgs/include/person_msgs/person_msgs/msg/detail/person__functions.h
[11.927s] -- Installing: /home/yamaki/ros2_ws/src/install/person_msgs/include/person_msgs/person_msgs/msg/detail/person__struct.h
[11.928s] -- Installing: /home/yamaki/ros2_ws/src/install/person_msgs/share/person_msgs/environment/library_path.sh
[11.928s] -- Installing: /home/yamaki/ros2_ws/src/install/person_msgs/share/person_msgs/environment/library_path.dsv
[11.928s] -- Installing: /home/yamaki/ros2_ws/src/install/person_msgs/lib/libperson_msgs__rosidl_generator_c.so
[11.928s] -- Set runtime path of "/home/yamaki/ros2_ws/src/install/person_msgs/lib/libperson_msgs__rosidl_generator_c.so" to ""
[11.929s] -- Up-to-date: /home/yamaki/ros2_ws/src/install/person_msgs/include/person_msgs/person_msgs
[11.929s] -- Up-to-date: /home/yamaki/ros2_ws/src/install/person_msgs/include/person_msgs/person_msgs/msg
[11.929s] -- Installing: /home/yamaki/ros2_ws/src/install/person_msgs/include/person_msgs/person_msgs/msg/rosidl_typesupport_fastrtps_c__visibility_control.h
[11.929s] -- Up-to-date: /home/yamaki/ros2_ws/src/install/person_msgs/include/person_msgs/person_msgs/msg/detail
[11.930s] -- Installing: /home/yamaki/ros2_ws/src/install/person_msgs/include/person_msgs/person_msgs/msg/detail/person__rosidl_typesupport_fastrtps_c.h
[11.930s] -- Installing: /home/yamaki/ros2_ws/src/install/person_msgs/lib/libperson_msgs__rosidl_typesupport_fastrtps_c.so
[11.930s] -- Set runtime path of "/home/yamaki/ros2_ws/src/install/person_msgs/lib/libperson_msgs__rosidl_typesupport_fastrtps_c.so" to ""
[11.931s] -- Up-to-date: /home/yamaki/ros2_ws/src/install/person_msgs/include/person_msgs/person_msgs
[11.931s] -- Up-to-date: /home/yamaki/ros2_ws/src/install/person_msgs/include/person_msgs/person_msgs/msg
[11.931s] -- Installing: /home/yamaki/ros2_ws/src/install/person_msgs/include/person_msgs/person_msgs/msg/rosidl_typesupport_introspection_c__visibility_control.h
[11.931s] -- Up-to-date: /home/yamaki/ros2_ws/src/install/person_msgs/include/person_msgs/person_msgs/msg/detail
[11.931s] -- Installing: /home/yamaki/ros2_ws/src/install/person_msgs/include/person_msgs/person_msgs/msg/detail/person__type_support.c
[11.932s] -- Installing: /home/yamaki/ros2_ws/src/install/person_msgs/include/person_msgs/person_msgs/msg/detail/person__rosidl_typesupport_introspection_c.h
[11.932s] -- Installing: /home/yamaki/ros2_ws/src/install/person_msgs/lib/libperson_msgs__rosidl_typesupport_introspection_c.so
[11.932s] -- Set runtime path of "/home/yamaki/ros2_ws/src/install/person_msgs/lib/libperson_msgs__rosidl_typesupport_introspection_c.so" to ""
[11.932s] -- Installing: /home/yamaki/ros2_ws/src/install/person_msgs/lib/libperson_msgs__rosidl_typesupport_c.so
[11.933s] -- Set runtime path of "/home/yamaki/ros2_ws/src/install/person_msgs/lib/libperson_msgs__rosidl_typesupport_c.so" to ""
[11.933s] -- Up-to-date: /home/yamaki/ros2_ws/src/install/person_msgs/include/person_msgs/person_msgs
[11.934s] -- Up-to-date: /home/yamaki/ros2_ws/src/install/person_msgs/include/person_msgs/person_msgs/msg
[11.934s] -- Installing: /home/yamaki/ros2_ws/src/install/person_msgs/include/person_msgs/person_msgs/msg/person.hpp
[11.934s] -- Up-to-date: /home/yamaki/ros2_ws/src/install/person_msgs/include/person_msgs/person_msgs/msg/detail
[11.934s] -- Installing: /home/yamaki/ros2_ws/src/install/person_msgs/include/person_msgs/person_msgs/msg/detail/person__builder.hpp
[11.934s] -- Installing: /home/yamaki/ros2_ws/src/install/person_msgs/include/person_msgs/person_msgs/msg/detail/person__traits.hpp
[11.934s] -- Installing: /home/yamaki/ros2_ws/src/install/person_msgs/include/person_msgs/person_msgs/msg/detail/person__struct.hpp
[11.936s] -- Up-to-date: /home/yamaki/ros2_ws/src/install/person_msgs/include/person_msgs/person_msgs
[11.936s] -- Up-to-date: /home/yamaki/ros2_ws/src/install/person_msgs/include/person_msgs/person_msgs/msg
[11.936s] -- Installing: /home/yamaki/ros2_ws/src/install/person_msgs/include/person_msgs/person_msgs/msg/rosidl_typesupport_fastrtps_cpp__visibility_control.h
[11.936s] -- Up-to-date: /home/yamaki/ros2_ws/src/install/person_msgs/include/person_msgs/person_msgs/msg/detail
[11.937s] -- Installing: /home/yamaki/ros2_ws/src/install/person_msgs/include/person_msgs/person_msgs/msg/detail/dds_fastrtps
[11.937s] -- Installing: /home/yamaki/ros2_ws/src/install/person_msgs/include/person_msgs/person_msgs/msg/detail/person__rosidl_typesupport_fastrtps_cpp.hpp
[11.938s] -- Installing: /home/yamaki/ros2_ws/src/install/person_msgs/lib/libperson_msgs__rosidl_typesupport_fastrtps_cpp.so
[11.938s] -- Set runtime path of "/home/yamaki/ros2_ws/src/install/person_msgs/lib/libperson_msgs__rosidl_typesupport_fastrtps_cpp.so" to ""
[11.938s] -- Up-to-date: /home/yamaki/ros2_ws/src/install/person_msgs/include/person_msgs/person_msgs
[11.938s] -- Up-to-date: /home/yamaki/ros2_ws/src/install/person_msgs/include/person_msgs/person_msgs/msg
[11.938s] -- Up-to-date: /home/yamaki/ros2_ws/src/install/person_msgs/include/person_msgs/person_msgs/msg/detail
[11.939s] -- Installing: /home/yamaki/ros2_ws/src/install/person_msgs/include/person_msgs/person_msgs/msg/detail/person__rosidl_typesupport_introspection_cpp.hpp
[11.939s] -- Installing: /home/yamaki/ros2_ws/src/install/person_msgs/include/person_msgs/person_msgs/msg/detail/person__type_support.cpp
[11.939s] -- Installing: /home/yamaki/ros2_ws/src/install/person_msgs/lib/libperson_msgs__rosidl_typesupport_introspection_cpp.so
[11.940s] -- Set runtime path of "/home/yamaki/ros2_ws/src/install/person_msgs/lib/libperson_msgs__rosidl_typesupport_introspection_cpp.so" to ""
[11.940s] -- Installing: /home/yamaki/ros2_ws/src/install/person_msgs/lib/libperson_msgs__rosidl_typesupport_cpp.so
[11.940s] -- Set runtime path of "/home/yamaki/ros2_ws/src/install/person_msgs/lib/libperson_msgs__rosidl_typesupport_cpp.so" to ""
[11.940s] -- Installing: /home/yamaki/ros2_ws/src/install/person_msgs/share/person_msgs/environment/pythonpath.sh
[11.940s] -- Installing: /home/yamaki/ros2_ws/src/install/person_msgs/share/person_msgs/environment/pythonpath.dsv
[11.940s] -- Installing: /home/yamaki/ros2_ws/src/install/person_msgs/local/lib/python3.10/dist-packages/person_msgs-0.0.0-py3.10.egg-info
[11.941s] -- Installing: /home/yamaki/ros2_ws/src/install/person_msgs/local/lib/python3.10/dist-packages/person_msgs-0.0.0-py3.10.egg-info/top_level.txt
[11.941s] -- Installing: /home/yamaki/ros2_ws/src/install/person_msgs/local/lib/python3.10/dist-packages/person_msgs-0.0.0-py3.10.egg-info/dependency_links.txt
[11.941s] -- Installing: /home/yamaki/ros2_ws/src/install/person_msgs/local/lib/python3.10/dist-packages/person_msgs-0.0.0-py3.10.egg-info/SOURCES.txt
[11.941s] -- Installing: /home/yamaki/ros2_ws/src/install/person_msgs/local/lib/python3.10/dist-packages/person_msgs-0.0.0-py3.10.egg-info/PKG-INFO
[11.941s] -- Installing: /home/yamaki/ros2_ws/src/install/person_msgs/local/lib/python3.10/dist-packages/person_msgs
[11.942s] -- Installing: /home/yamaki/ros2_ws/src/install/person_msgs/local/lib/python3.10/dist-packages/person_msgs/libperson_msgs__rosidl_generator_py.so
[11.943s] -- Installing: /home/yamaki/ros2_ws/src/install/person_msgs/local/lib/python3.10/dist-packages/person_msgs/_person_msgs_s.ep.rosidl_typesupport_introspection_c.c
[11.943s] -- Installing: /home/yamaki/ros2_ws/src/install/person_msgs/local/lib/python3.10/dist-packages/person_msgs/_person_msgs_s.ep.rosidl_typesupport_c.c
[11.943s] -- Installing: /home/yamaki/ros2_ws/src/install/person_msgs/local/lib/python3.10/dist-packages/person_msgs/person_msgs_s__rosidl_typesupport_fastrtps_c.cpython-310-x86_64-linux-gnu.so
[11.944s] -- Installing: /home/yamaki/ros2_ws/src/install/person_msgs/local/lib/python3.10/dist-packages/person_msgs/msg
[11.945s] -- Installing: /home/yamaki/ros2_ws/src/install/person_msgs/local/lib/python3.10/dist-packages/person_msgs/msg/_person.py
[11.946s] -- Installing: /home/yamaki/ros2_ws/src/install/person_msgs/local/lib/python3.10/dist-packages/person_msgs/msg/_person_s.c
[11.946s] -- Installing: /home/yamaki/ros2_ws/src/install/person_msgs/local/lib/python3.10/dist-packages/person_msgs/msg/__init__.py
[11.946s] -- Installing: /home/yamaki/ros2_ws/src/install/person_msgs/local/lib/python3.10/dist-packages/person_msgs/person_msgs_s__rosidl_typesupport_introspection_c.cpython-310-x86_64-linux-gnu.so
[11.947s] -- Installing: /home/yamaki/ros2_ws/src/install/person_msgs/local/lib/python3.10/dist-packages/person_msgs/person_msgs_s__rosidl_typesupport_c.cpython-310-x86_64-linux-gnu.so
[11.947s] -- Installing: /home/yamaki/ros2_ws/src/install/person_msgs/local/lib/python3.10/dist-packages/person_msgs/_person_msgs_s.ep.rosidl_typesupport_fastrtps_c.c
[11.948s] -- Installing: /home/yamaki/ros2_ws/src/install/person_msgs/local/lib/python3.10/dist-packages/person_msgs/__init__.py
[11.991s] Listing '/home/yamaki/ros2_ws/src/install/person_msgs/local/lib/python3.10/dist-packages/person_msgs'...
[11.992s] Compiling '/home/yamaki/ros2_ws/src/install/person_msgs/local/lib/python3.10/dist-packages/person_msgs/__init__.py'...
[11.992s] Listing '/home/yamaki/ros2_ws/src/install/person_msgs/local/lib/python3.10/dist-packages/person_msgs/msg'...
[11.992s] Compiling '/home/yamaki/ros2_ws/src/install/person_msgs/local/lib/python3.10/dist-packages/person_msgs/msg/__init__.py'...
[11.992s] Compiling '/home/yamaki/ros2_ws/src/install/person_msgs/local/lib/python3.10/dist-packages/person_msgs/msg/_person.py'...
[11.998s] -- Installing: /home/yamaki/ros2_ws/src/install/person_msgs/local/lib/python3.10/dist-packages/person_msgs/person_msgs_s__rosidl_typesupport_fastrtps_c.cpython-310-x86_64-linux-gnu.so
[11.999s] -- Set runtime path of "/home/yamaki/ros2_ws/src/install/person_msgs/local/lib/python3.10/dist-packages/person_msgs/person_msgs_s__rosidl_typesupport_fastrtps_c.cpython-310-x86_64-linux-gnu.so" to ""
[11.999s] -- Installing: /home/yamaki/ros2_ws/src/install/person_msgs/local/lib/python3.10/dist-packages/person_msgs/person_msgs_s__rosidl_typesupport_introspection_c.cpython-310-x86_64-linux-gnu.so
[12.000s] -- Set runtime path of "/home/yamaki/ros2_ws/src/install/person_msgs/local/lib/python3.10/dist-packages/person_msgs/person_msgs_s__rosidl_typesupport_introspection_c.cpython-310-x86_64-linux-gnu.so" to ""
[12.000s] -- Installing: /home/yamaki/ros2_ws/src/install/person_msgs/local/lib/python3.10/dist-packages/person_msgs/person_msgs_s__rosidl_typesupport_c.cpython-310-x86_64-linux-gnu.so
[12.000s] -- Set runtime path of "/home/yamaki/ros2_ws/src/install/person_msgs/local/lib/python3.10/dist-packages/person_msgs/person_msgs_s__rosidl_typesupport_c.cpython-310-x86_64-linux-gnu.so" to ""
[12.000s] -- Installing: /home/yamaki/ros2_ws/src/install/person_msgs/lib/libperson_msgs__rosidl_generator_py.so
[12.001s] -- Set runtime path of "/home/yamaki/ros2_ws/src/install/person_msgs/lib/libperson_msgs__rosidl_generator_py.so" to ""
[12.001s] -- Installing: /home/yamaki/ros2_ws/src/install/person_msgs/share/person_msgs/msg/Person.idl
[12.001s] -- Installing: /home/yamaki/ros2_ws/src/install/person_msgs/share/person_msgs/msg/Person.msg
[12.002s] -- Installing: /home/yamaki/ros2_ws/src/install/person_msgs/share/ament_index/resource_index/package_run_dependencies/person_msgs
[12.003s] -- Installing: /home/yamaki/ros2_ws/src/install/person_msgs/share/ament_index/resource_index/parent_prefix_path/person_msgs
[12.003s] -- Installing: /home/yamaki/ros2_ws/src/install/person_msgs/share/person_msgs/environment/ament_prefix_path.sh
[12.004s] -- Installing: /home/yamaki/ros2_ws/src/install/person_msgs/share/person_msgs/environment/ament_prefix_path.dsv
[12.004s] -- Installing: /home/yamaki/ros2_ws/src/install/person_msgs/share/person_msgs/environment/path.sh
[12.004s] -- Installing: /home/yamaki/ros2_ws/src/install/person_msgs/share/person_msgs/environment/path.dsv
[12.005s] -- Installing: /home/yamaki/ros2_ws/src/install/person_msgs/share/person_msgs/local_setup.bash
[12.005s] -- Installing: /home/yamaki/ros2_ws/src/install/person_msgs/share/person_msgs/local_setup.sh
[12.005s] -- Installing: /home/yamaki/ros2_ws/src/install/person_msgs/share/person_msgs/local_setup.zsh
[12.006s] -- Installing: /home/yamaki/ros2_ws/src/install/person_msgs/share/person_msgs/local_setup.dsv
[12.006s] -- Installing: /home/yamaki/ros2_ws/src/install/person_msgs/share/person_msgs/package.dsv
[12.007s] -- Installing: /home/yamaki/ros2_ws/src/install/person_msgs/share/ament_index/resource_index/packages/person_msgs
[12.007s] -- Installing: /home/yamaki/ros2_ws/src/install/person_msgs/share/person_msgs/cmake/export_person_msgs__rosidl_generator_cExport.cmake
[12.007s] -- Installing: /home/yamaki/ros2_ws/src/install/person_msgs/share/person_msgs/cmake/export_person_msgs__rosidl_generator_cExport-noconfig.cmake
[12.007s] -- Installing: /home/yamaki/ros2_ws/src/install/person_msgs/share/person_msgs/cmake/export_person_msgs__rosidl_typesupport_fastrtps_cExport.cmake
[12.007s] -- Installing: /home/yamaki/ros2_ws/src/install/person_msgs/share/person_msgs/cmake/export_person_msgs__rosidl_typesupport_fastrtps_cExport-noconfig.cmake
[12.008s] -- Installing: /home/yamaki/ros2_ws/src/install/person_msgs/share/person_msgs/cmake/person_msgs__rosidl_typesupport_introspection_cExport.cmake
[12.008s] -- Installing: /home/yamaki/ros2_ws/src/install/person_msgs/share/person_msgs/cmake/person_msgs__rosidl_typesupport_introspection_cExport-noconfig.cmake
[12.009s] -- Installing: /home/yamaki/ros2_ws/src/install/person_msgs/share/person_msgs/cmake/person_msgs__rosidl_typesupport_cExport.cmake
[12.009s] -- Installing: /home/yamaki/ros2_ws/src/install/person_msgs/share/person_msgs/cmake/person_msgs__rosidl_typesupport_cExport-noconfig.cmake
[12.009s] -- Installing: /home/yamaki/ros2_ws/src/install/person_msgs/share/person_msgs/cmake/export_person_msgs__rosidl_generator_cppExport.cmake
[12.009s] -- Installing: /home/yamaki/ros2_ws/src/install/person_msgs/share/person_msgs/cmake/export_person_msgs__rosidl_typesupport_fastrtps_cppExport.cmake
[12.010s] -- Installing: /home/yamaki/ros2_ws/src/install/person_msgs/share/person_msgs/cmake/export_person_msgs__rosidl_typesupport_fastrtps_cppExport-noconfig.cmake
[12.010s] -- Installing: /home/yamaki/ros2_ws/src/install/person_msgs/share/person_msgs/cmake/person_msgs__rosidl_typesupport_introspection_cppExport.cmake
[12.011s] -- Installing: /home/yamaki/ros2_ws/src/install/person_msgs/share/person_msgs/cmake/person_msgs__rosidl_typesupport_introspection_cppExport-noconfig.cmake
[12.011s] -- Installing: /home/yamaki/ros2_ws/src/install/person_msgs/share/person_msgs/cmake/person_msgs__rosidl_typesupport_cppExport.cmake
[12.012s] -- Installing: /home/yamaki/ros2_ws/src/install/person_msgs/share/person_msgs/cmake/person_msgs__rosidl_typesupport_cppExport-noconfig.cmake
[12.012s] -- Installing: /home/yamaki/ros2_ws/src/install/person_msgs/share/person_msgs/cmake/export_person_msgs__rosidl_generator_pyExport.cmake
[12.012s] -- Installing: /home/yamaki/ros2_ws/src/install/person_msgs/share/person_msgs/cmake/export_person_msgs__rosidl_generator_pyExport-noconfig.cmake
[12.012s] -- Installing: /home/yamaki/ros2_ws/src/install/person_msgs/share/person_msgs/cmake/rosidl_cmake-extras.cmake
[12.013s] -- Installing: /home/yamaki/ros2_ws/src/install/person_msgs/share/person_msgs/cmake/ament_cmake_export_include_directories-extras.cmake
[12.013s] -- Installing: /home/yamaki/ros2_ws/src/install/person_msgs/share/person_msgs/cmake/ament_cmake_export_libraries-extras.cmake
[12.013s] -- Installing: /home/yamaki/ros2_ws/src/install/person_msgs/share/person_msgs/cmake/ament_cmake_export_targets-extras.cmake
[12.015s] -- Installing: /home/yamaki/ros2_ws/src/install/person_msgs/share/person_msgs/cmake/rosidl_cmake_export_typesupport_targets-extras.cmake
[12.015s] -- Installing: /home/yamaki/ros2_ws/src/install/person_msgs/share/person_msgs/cmake/ament_cmake_export_dependencies-extras.cmake
[12.015s] -- Installing: /home/yamaki/ros2_ws/src/install/person_msgs/share/person_msgs/cmake/rosidl_cmake_export_typesupport_libraries-extras.cmake
[12.016s] -- Installing: /home/yamaki/ros2_ws/src/install/person_msgs/share/person_msgs/cmake/person_msgsConfig.cmake
[12.016s] -- Installing: /home/yamaki/ros2_ws/src/install/person_msgs/share/person_msgs/cmake/person_msgsConfig-version.cmake
[12.016s] -- Installing: /home/yamaki/ros2_ws/src/install/person_msgs/share/person_msgs/package.xml
[12.021s] Invoked command in '/home/yamaki/ros2_ws/src/build/person_msgs' returned '0': CMAKE_PREFIX_PATH=/opt/ros/humble /usr/bin/cmake --install /home/yamaki/ros2_ws/src/build/person_msgs
